<?xml version="1.0" encoding="UTF-8"?>
<!-- Generated by org.testng.reporters.JUnitXMLReporter -->
<testsuite ignored="0" hostname="TYSS-Akash-Deb" failures="0" tests="2" name="Default test" time="13.268" errors="0" timestamp="14 Mar 2024 05:59:28 GMT">
  <testcase classname="webElements.ToRegisterUserAndLoginUserTest" name="toRegisterUserAndVerify" time="3.415"/>
  <testcase classname="webElements.ToRegisterUserAndLoginUserTest" name="toLoginUserAndVerify" time="0.903"/>
</testsuite> <!-- Default test -->
