<?xml version="1.0" encoding="UTF-8"?>
<!-- Generated by org.testng.reporters.JUnitXMLReporter -->
<testsuite ignored="4" hostname="TYSS-Akash-Deb" failures="0" tests="4" name="Test" time="0.059" errors="0" timestamp="13 Mar 2024 05:40:32 GMT">
  <testcase classname="testNG.DemoClass" name="test1" time="0.007"/>
  <testcase classname="testNG.DemoClass2" name="test2" time="0.003"/>
  <testcase classname="testNG.DemoClass2" name="test3" time="0.003"/>
  <testcase classname="testNG.DemoClass2" name="test4" time="0.002"/>
  <testcase classname="testNG.BaseClass" name="@AfterTest at" time="0.0">
    <ignored/>
  </testcase> <!-- @AfterTest at -->
  <testcase classname="testNG.BaseClass" name="@BeforeTest bt" time="0.0">
    <ignored/>
  </testcase> <!-- @BeforeTest bt -->
  <testcase classname="testNG.BaseClass" name="@AfterSuite as" time="0.0">
    <ignored/>
  </testcase> <!-- @AfterSuite as -->
  <testcase classname="testNG.BaseClass" name="@BeforeSuite bs" time="0.0">
    <ignored/>
  </testcase> <!-- @BeforeSuite bs -->
</testsuite> <!-- Test -->
